# JRE version: OpenJDK Runtime Environment Temurin-21.0.10+7 (21.0.10+7) (build 21.0.10+7-LTS)
# Java VM: OpenJDK 64-Bit Server VM Temurin-21.0.10+7 (21.0.10+7-LTS, mixed mode, sharing, tiered, compressed oops, compressed class ptrs, parallel gc, windows-amd64)
GC Precious Log:
 CardTable entry size: 512
 CPUs: 8 total, 8 available
 Memory: 7926M
 Large Page Support: Disabled
 NUMA Support: Disabled
 Compressed Oops: Enabled (32-bit)
 Alignments: Space 512K, Generation 512K, Heap 2M
 Heap Min Capacity: 100M
 Heap Initial Capacity: 100M
 Heap Max Capacity: 2G
 Pre-touch: Disabled
 Parallel Workers: 8
Heap:
 PSYoungGen      total 23552K, used 9868K [0x00000000d5580000, 0x00000000d6f80000, 0x0000000100000000)
  eden space 21504K, 36% used [0x00000000d5580000,0x00000000d5d27308,0x00000000d6a80000)
  from space 2048K, 99% used [0x00000000d6b00000,0x00000000d6cfbdc8,0x00000000d6d00000)
  to   space 2560K, 0% used [0x00000000d6d00000,0x00000000d6d00000,0x00000000d6f80000)
 ParOldGen       total 68608K, used 31613K [0x0000000080000000, 0x0000000084300000, 0x00000000d5580000)
  object space 68608K, 46% used [0x0000000080000000,0x0000000081edf518,0x0000000084300000)
 Metaspace       used 33484K, committed 34432K, reserved 1114112K
  class space    used 3402K, committed 3840K, reserved 1048576K
GC Heap History (20 events):
Event: 9.470 GC heap before
{Heap before GC invocations=8 (full 1):
 PSYoungGen      total 30208K, used 25088K [0x00000000d5580000, 0x00000000d7980000, 0x0000000100000000)
  eden space 25088K, 100% used [0x00000000d5580000,0x00000000d6e00000,0x00000000d6e00000)
  from space 5120K, 0% used [0x00000000d7480000,0x00000000d7480000,0x00000000d7980000)
  to   space 5120K, 0% used [0x00000000d6f80000,0x00000000d6f80000,0x00000000d7480000)
 ParOldGen       total 68608K, used 13752K [0x0000000080000000, 0x0000000084300000, 0x00000000d5580000)
  object space 68608K, 20% used [0x0000000080000000,0x0000000080d6e0d0,0x0000000084300000)
 Metaspace       used 23103K, committed 23872K, reserved 1114112K
  class space    used 2243K, committed 2560K, reserved 1048576K
}
Event: 9.474 GC heap after
{Heap after GC invocations=8 (full 1):
 PSYoungGen      total 27648K, used 2665K [0x00000000d5580000, 0x00000000d7500000, 0x0000000100000000)
  eden space 24576K, 0% used [0x00000000d5580000,0x00000000d5580000,0x00000000d6d80000)
  from space 3072K, 86% used [0x00000000d6f80000,0x00000000d721a4c0,0x00000000d7280000)
  to   space 2560K, 0% used [0x00000000d7280000,0x00000000d7280000,0x00000000d7500000)
 ParOldGen       total 68608K, used 13760K [0x0000000080000000, 0x0000000084300000, 0x00000000d5580000)
  object space 68608K, 20% used [0x0000000080000000,0x0000000080d700d0,0x0000000084300000)
 Metaspace       used 23103K, committed 23872K, reserved 1114112K
  class space    used 2243K, committed 2560K, reserved 1048576K
}
Event: 10.146 GC heap before
{Heap before GC invocations=9 (full 1):
 PSYoungGen      total 27648K, used 27241K [0x00000000d5580000, 0x00000000d7500000, 0x0000000100000000)
  eden space 24576K, 100% used [0x00000000d5580000,0x00000000d6d80000,0x00000000d6d80000)
  from space 3072K, 86% used [0x00000000d6f80000,0x00000000d721a4c0,0x00000000d7280000)
  to   space 2560K, 0% used [0x00000000d7280000,0x00000000d7280000,0x00000000d7500000)
 ParOldGen       total 68608K, used 13760K [0x0000000080000000, 0x0000000084300000, 0x00000000d5580000)
  object space 68608K, 20% used [0x0000000080000000,0x0000000080d700d0,0x0000000084300000)
 Metaspace       used 26262K, committed 27136K, reserved 1114112K
  class space    used 2574K, committed 2944K, reserved 1048576K
}
Event: 10.151 GC heap after
{Heap after GC invocations=9 (full 1):
 PSYoungGen      total 26624K, used 2542K [0x00000000d5580000, 0x00000000d7600000, 0x0000000100000000)
  eden space 24064K, 0% used [0x00000000d5580000,0x00000000d5580000,0x00000000d6d00000)
  from space 2560K, 99% used [0x00000000d7280000,0x00000000d74fba30,0x00000000d7500000)
  to   space 4608K, 0% used [0x00000000d6d00000,0x00000000d6d00000,0x00000000d7180000)
 ParOldGen       total 68608K, used 15426K [0x0000000080000000, 0x0000000084300000, 0x00000000d5580000)
  object space 68608K, 22% used [0x0000000080000000,0x0000000080f108a0,0x0000000084300000)
 Metaspace       used 26262K, committed 27136K, reserved 1114112K
  class space    used 2574K, committed 2944K, reserved 1048576K
}
Event: 10.427 GC heap before
{Heap before GC invocations=10 (full 1):
 PSYoungGen      total 26624K, used 26606K [0x00000000d5580000, 0x00000000d7600000, 0x0000000100000000)
  eden space 24064K, 100% used [0x00000000d5580000,0x00000000d6d00000,0x00000000d6d00000)
  from space 2560K, 99% used [0x00000000d7280000,0x00000000d74fba30,0x00000000d7500000)
  to   space 4608K, 0% used [0x00000000d6d00000,0x00000000d6d00000,0x00000000d7180000)
 ParOldGen       total 68608K, used 15426K [0x0000000080000000, 0x0000000084300000, 0x00000000d5580000)
  object space 68608K, 22% used [0x0000000080000000,0x0000000080f108a0,0x0000000084300000)
 Metaspace       used 27736K, committed 28608K, reserved 1114112K
  class space    used 2756K, committed 3136K, reserved 1048576K
}
Event: 10.431 GC heap after
{Heap after GC invocations=10 (full 1):
 PSYoungGen      total 26624K, used 3060K [0x00000000d5580000, 0x00000000d7380000, 0x0000000100000000)
  eden space 23552K, 0% used [0x00000000d5580000,0x00000000d5580000,0x00000000d6c80000)
  from space 3072K, 99% used [0x00000000d6d00000,0x00000000d6ffd248,0x00000000d7000000)
  to   space 3584K, 0% used [0x00000000d7000000,0x00000000d7000000,0x00000000d7380000)
 ParOldGen       total 68608K, used 15434K [0x0000000080000000, 0x0000000084300000, 0x00000000d5580000)
  object space 68608K, 22% used [0x0000000080000000,0x0000000080f128a0,0x0000000084300000)
 Metaspace       used 27736K, committed 28608K, reserved 1114112K
  class space    used 2756K, committed 3136K, reserved 1048576K
}
Event: 25.624 GC heap before
{Heap before GC invocations=11 (full 1):
 PSYoungGen      total 26624K, used 26612K [0x00000000d5580000, 0x00000000d7380000, 0x0000000100000000)
  eden space 23552K, 100% used [0x00000000d5580000,0x00000000d6c80000,0x00000000d6c80000)
  from space 3072K, 99% used [0x00000000d6d00000,0x00000000d6ffd248,0x00000000d7000000)
  to   space 3584K, 0% used [0x00000000d7000000,0x00000000d7000000,0x00000000d7380000)
 ParOldGen       total 68608K, used 15434K [0x0000000080000000, 0x0000000084300000, 0x00000000d5580000)
  object space 68608K, 22% used [0x0000000080000000,0x0000000080f128a0,0x0000000084300000)
 Metaspace       used 30290K, committed 31168K, reserved 1114112K
  class space    used 3042K, committed 3392K, reserved 1048576K
}
Event: 25.629 GC heap after
{Heap after GC invocations=11 (full 1):
 PSYoungGen      total 25088K, used 1830K [0x00000000d5580000, 0x00000000d7200000, 0x0000000100000000)
  eden space 23040K, 0% used [0x00000000d5580000,0x00000000d5580000,0x00000000d6c00000)
  from space 2048K, 89% used [0x00000000d7000000,0x00000000d71c9a50,0x00000000d7200000)
  to   space 2560K, 0% used [0x00000000d6d00000,0x00000000d6d00000,0x00000000d6f80000)
 ParOldGen       total 68608K, used 17936K [0x0000000080000000, 0x0000000084300000, 0x00000000d5580000)
  object space 68608K, 26% used [0x0000000080000000,0x0000000081184038,0x0000000084300000)
 Metaspace       used 30290K, committed 31168K, reserved 1114112K
  class space    used 3042K, committed 3392K, reserved 1048576K
}
Event: 26.980 GC heap before
{Heap before GC invocations=12 (full 1):
 PSYoungGen      total 25088K, used 24870K [0x00000000d5580000, 0x00000000d7200000, 0x0000000100000000)
  eden space 23040K, 100% used [0x00000000d5580000,0x00000000d6c00000,0x00000000d6c00000)
  from space 2048K, 89% used [0x00000000d7000000,0x00000000d71c9a50,0x00000000d7200000)
  to   space 2560K, 0% used [0x00000000d6d00000,0x00000000d6d00000,0x00000000d6f80000)
 ParOldGen       total 68608K, used 17936K [0x0000000080000000, 0x0000000084300000, 0x00000000d5580000)
  object space 68608K, 26% used [0x0000000080000000,0x0000000081184038,0x0000000084300000)
 Metaspace       used 31825K, committed 32704K, reserved 1114112K
  class space    used 3188K, committed 3584K, reserved 1048576K
}
Event: 26.985 GC heap after
{Heap after GC invocations=12 (full 1):
 PSYoungGen      total 25088K, used 2176K [0x00000000d5580000, 0x00000000d7080000, 0x0000000100000000)
  eden space 22528K, 0% used [0x00000000d5580000,0x00000000d5580000,0x00000000d6b80000)
  from space 2560K, 85% used [0x00000000d6d00000,0x00000000d6f20030,0x00000000d6f80000)
  to   space 1024K, 0% used [0x00000000d6f80000,0x00000000d6f80000,0x00000000d7080000)
 ParOldGen       total 68608K, used 19418K [0x0000000080000000, 0x0000000084300000, 0x00000000d5580000)
  object space 68608K, 28% used [0x0000000080000000,0x00000000812f6a90,0x0000000084300000)
 Metaspace       used 31825K, committed 32704K, reserved 1114112K
  class space    used 3188K, committed 3584K, reserved 1048576K
}
Event: 28.032 GC heap before
{Heap before GC invocations=13 (full 1):
 PSYoungGen      total 25088K, used 24703K [0x00000000d5580000, 0x00000000d7080000, 0x0000000100000000)
  eden space 22528K, 99% used [0x00000000d5580000,0x00000000d6b7ff78,0x00000000d6b80000)
  from space 2560K, 85% used [0x00000000d6d00000,0x00000000d6f20030,0x00000000d6f80000)
  to   space 1024K, 0% used [0x00000000d6f80000,0x00000000d6f80000,0x00000000d7080000)
 ParOldGen       total 68608K, used 19418K [0x0000000080000000, 0x0000000084300000, 0x00000000d5580000)
  object space 68608K, 28% used [0x0000000080000000,0x00000000812f6a90,0x0000000084300000)
 Metaspace       used 31861K, committed 32768K, reserved 1114112K
  class space    used 3191K, committed 3584K, reserved 1048576K
}
Event: 30.062 GC heap after
{Heap after GC invocations=13 (full 1):
 PSYoungGen      total 23552K, used 1009K [0x00000000d5580000, 0x00000000d7080000, 0x0000000100000000)
  eden space 22528K, 0% used [0x00000000d5580000,0x00000000d5580000,0x00000000d6b80000)
  from space 1024K, 98% used [0x00000000d6f80000,0x00000000d707c410,0x00000000d7080000)
  to   space 2560K, 0% used [0x00000000d6d00000,0x00000000d6d00000,0x00000000d6f80000)
 ParOldGen       total 68608K, used 22549K [0x0000000080000000, 0x0000000084300000, 0x00000000d5580000)
  object space 68608K, 32% used [0x0000000080000000,0x0000000081605400,0x0000000084300000)
 Metaspace       used 31861K, committed 32768K, reserved 1114112K
  class space    used 3191K, committed 3584K, reserved 1048576K
}
Event: 30.562 GC heap before
{Heap before GC invocations=14 (full 1):
 PSYoungGen      total 23552K, used 23537K [0x00000000d5580000, 0x00000000d7080000, 0x0000000100000000)
  eden space 22528K, 100% used [0x00000000d5580000,0x00000000d6b80000,0x00000000d6b80000)
  from space 1024K, 98% used [0x00000000d6f80000,0x00000000d707c410,0x00000000d7080000)
  to   space 2560K, 0% used [0x00000000d6d00000,0x00000000d6d00000,0x00000000d6f80000)
 ParOldGen       total 68608K, used 22549K [0x0000000080000000, 0x0000000084300000, 0x00000000d5580000)
  object space 68608K, 32% used [0x0000000080000000,0x0000000081605400,0x0000000084300000)
 Metaspace       used 32202K, committed 33152K, reserved 1114112K
  class space    used 3244K, committed 3648K, reserved 1048576K
}
Event: 30.567 GC heap after
{Heap after GC invocations=14 (full 1):
 PSYoungGen      total 24576K, used 2402K [0x00000000d5580000, 0x00000000d7100000, 0x0000000100000000)
  eden space 22016K, 0% used [0x00000000d5580000,0x00000000d5580000,0x00000000d6b00000)
  from space 2560K, 93% used [0x00000000d6d00000,0x00000000d6f58820,0x00000000d6f80000)
  to   space 1536K, 0% used [0x00000000d6f80000,0x00000000d6f80000,0x00000000d7100000)
 ParOldGen       total 68608K, used 23485K [0x0000000080000000, 0x0000000084300000, 0x00000000d5580000)
  object space 68608K, 34% used [0x0000000080000000,0x00000000816ef400,0x0000000084300000)
 Metaspace       used 32202K, committed 33152K, reserved 1114112K
  class space    used 3244K, committed 3648K, reserved 1048576K
}
Event: 30.802 GC heap before
{Heap before GC invocations=15 (full 1):
 PSYoungGen      total 24576K, used 24418K [0x00000000d5580000, 0x00000000d7100000, 0x0000000100000000)
  eden space 22016K, 100% used [0x00000000d5580000,0x00000000d6b00000,0x00000000d6b00000)
  from space 2560K, 93% used [0x00000000d6d00000,0x00000000d6f58820,0x00000000d6f80000)
  to   space 1536K, 0% used [0x00000000d6f80000,0x00000000d6f80000,0x00000000d7100000)
 ParOldGen       total 68608K, used 23485K [0x0000000080000000, 0x0000000084300000, 0x00000000d5580000)
  object space 68608K, 34% used [0x0000000080000000,0x00000000816ef400,0x0000000084300000)
 Metaspace       used 32221K, committed 33152K, reserved 1114112K
  class space    used 3244K, committed 3648K, reserved 1048576K
}
Event: 30.809 GC heap after
{Heap after GC invocations=15 (full 1):
 PSYoungGen      total 23040K, used 1508K [0x00000000d5580000, 0x00000000d7500000, 0x0000000100000000)
  eden space 21504K, 0% used [0x00000000d5580000,0x00000000d5580000,0x00000000d6a80000)
  from space 1536K, 98% used [0x00000000d6f80000,0x00000000d70f9000,0x00000000d7100000)
  to   space 5120K, 0% used [0x00000000d6a80000,0x00000000d6a80000,0x00000000d6f80000)
 ParOldGen       total 68608K, used 26257K [0x0000000080000000, 0x0000000084300000, 0x00000000d5580000)
  object space 68608K, 38% used [0x0000000080000000,0x00000000819a4508,0x0000000084300000)
 Metaspace       used 32221K, committed 33152K, reserved 1114112K
  class space    used 3244K, committed 3648K, reserved 1048576K
}
Event: 30.919 GC heap before
{Heap before GC invocations=16 (full 1):
 PSYoungGen      total 23040K, used 23012K [0x00000000d5580000, 0x00000000d7500000, 0x0000000100000000)
  eden space 21504K, 100% used [0x00000000d5580000,0x00000000d6a80000,0x00000000d6a80000)
  from space 1536K, 98% used [0x00000000d6f80000,0x00000000d70f9000,0x00000000d7100000)
  to   space 5120K, 0% used [0x00000000d6a80000,0x00000000d6a80000,0x00000000d6f80000)
 ParOldGen       total 68608K, used 26257K [0x0000000080000000, 0x0000000084300000, 0x00000000d5580000)
  object space 68608K, 38% used [0x0000000080000000,0x00000000819a4508,0x0000000084300000)
 Metaspace       used 32225K, committed 33152K, reserved 1114112K
  class space    used 3244K, committed 3648K, reserved 1048576K
}
Event: 30.924 GC heap after
{Heap after GC invocations=16 (full 1):
 PSYoungGen      total 23552K, used 1888K [0x00000000d5580000, 0x00000000d7080000, 0x0000000100000000)
  eden space 21504K, 0% used [0x00000000d5580000,0x00000000d5580000,0x00000000d6a80000)
  from space 2048K, 92% used [0x00000000d6a80000,0x00000000d6c58000,0x00000000d6c80000)
  to   space 3072K, 0% used [0x00000000d6d80000,0x00000000d6d80000,0x00000000d7080000)
 ParOldGen       total 68608K, used 27797K [0x0000000080000000, 0x0000000084300000, 0x00000000d5580000)
  object space 68608K, 40% used [0x0000000080000000,0x0000000081b25508,0x0000000084300000)
 Metaspace       used 32225K, committed 33152K, reserved 1114112K
  class space    used 3244K, committed 3648K, reserved 1048576K
}
Event: 31.110 GC heap before
{Heap before GC invocations=17 (full 1):
 PSYoungGen      total 23552K, used 23392K [0x00000000d5580000, 0x00000000d7080000, 0x0000000100000000)
  eden space 21504K, 100% used [0x00000000d5580000,0x00000000d6a80000,0x00000000d6a80000)
  from space 2048K, 92% used [0x00000000d6a80000,0x00000000d6c58000,0x00000000d6c80000)
  to   space 3072K, 0% used [0x00000000d6d80000,0x00000000d6d80000,0x00000000d7080000)
 ParOldGen       total 68608K, used 27797K [0x0000000080000000, 0x0000000084300000, 0x00000000d5580000)
  object space 68608K, 40% used [0x0000000080000000,0x0000000081b25508,0x0000000084300000)
 Metaspace       used 32277K, committed 33280K, reserved 1114112K
  class space    used 3247K, committed 3712K, reserved 1048576K
}
Event: 31.116 GC heap after
{Heap after GC invocations=17 (full 1):
 PSYoungGen      total 24064K, used 2080K [0x00000000d5580000, 0x00000000d7000000, 0x0000000100000000)
  eden space 21504K, 0% used [0x00000000d5580000,0x00000000d5580000,0x00000000d6a80000)
  from space 2560K, 81% used [0x00000000d6d80000,0x00000000d6f88010,0x00000000d7000000)
  to   space 2560K, 0% used [0x00000000d6b00000,0x00000000d6b00000,0x00000000d6d80000)
 ParOldGen       total 68608K, used 29613K [0x0000000080000000, 0x0000000084300000, 0x00000000d5580000)
  object space 68608K, 43% used [0x0000000080000000,0x0000000081ceb508,0x0000000084300000)
 Metaspace       used 32277K, committed 33280K, reserved 1114112K
  class space    used 3247K, committed 3712K, reserved 1048576K
}

